#
# A fatal error has been detected by the Java Runtime Environment:
#
#  Internal Error (javaClasses.cpp:136), pid=4952, tid=1836
#  fatal error: Invalid layout of preloaded class
#
# JRE version:  (7.0_67-b01) (build )
# Java VM: Java HotSpot(TM) Client VM (24.65-b04 mixed mode windows-x86 )
# Failed to write core dump. Minidumps are not enabled by default on client versions of Windows
#
# If you would like to submit a bug report, please visit:
#   http://bugreport.sun.com/bugreport/crash.jsp
#

---------------  T H R E A D  ---------------

Current thread (0x0276b800):  JavaThread "Unknown thread" [_thread_in_vm, id=1836, stack(0x02420000,0x02470000)]

Stack: [0x02420000,0x02470000],  sp=0x0246f350,  free space=316k
Native frames: (J=compiled Java code, j=interpreted, Vv=VM code, C=native code)
V  [jvm.dll+0x190494]
V  [jvm.dll+0x18a116]
V  [jvm.dll+0x35d7a]
V  [jvm.dll+0x35e06]
V  [jvm.dll+0x4465d]
V  [jvm.dll+0x4490e]
V  [jvm.dll+0x92f8a]
V  [jvm.dll+0x9333b]
V  [jvm.dll+0x13fa31]
V  [jvm.dll+0x1626fc]
V  [jvm.dll+0xc9d6f]
C  [javaw.exe+0x13ce]
C  [javaw.exe+0x1e40]
C  [javaw.exe+0xa601]
C  [javaw.exe+0xa68b]
C  [KERNEL32.DLL+0x1919f]
C  [ntdll.dll+0x4a22b]
C  [ntdll.dll+0x4a201]


---------------  P R O C E S S  ---------------

Java Threads: ( => current thread )

Other Threads:

=>0x0276b800 (exited) JavaThread "Unknown thread" [_thread_in_vm, id=1836, stack(0x02420000,0x02470000)]

VM state:not at safepoint (not fully initialized)

VM Mutex/Monitor currently owned by a thread: None

GC Heap History (0 events):
No events

Deoptimization events (0 events):
No events

Internal exceptions (0 events):
No events

Events (10 events):
Event: 0.003 loading class 0x024ba850
Event: 0.003 loading class 0x024ba850 done
Event: 0.003 loading class 0x024ba890
Event: 0.004 loading class 0x024bae00
Event: 0.004 loading class 0x024bae00 done
Event: 0.004 loading class 0x024c0a10
Event: 0.004 loading class 0x024c0a10 done
Event: 0.004 loading class 0x024ba890 done
Event: 0.004 loading class 0x024ba870
Event: 0.004 loading class 0x024ba870 done


Dynamic libraries:
0x00b00000 - 0x00b2f000 	C:\Program Files (x86)\Java\jre7\bin\javaw.exe
0x77260000 - 0x773c8000 	C:\WINDOWS\SYSTEM32\ntdll.dll
0x75480000 - 0x755c0000 	C:\WINDOWS\SYSTEM32\KERNEL32.DLL
0x74fb0000 - 0x7507f000 	C:\WINDOWS\SYSTEM32\KERNELBASE.dll
0x64cd0000 - 0x64d69000 	C:\WINDOWS\system32\apphelp.dll
0x646e0000 - 0x64939000 	C:\WINDOWS\AppPatch\AcGenral.DLL
0x755e0000 - 0x7569e000 	C:\WINDOWS\SYSTEM32\msvcrt.dll
0x77150000 - 0x7718e000 	C:\WINDOWS\SYSTEM32\sechost.dll
0x74c80000 - 0x74c9d000 	C:\WINDOWS\SYSTEM32\SspiCli.dll
0x75d90000 - 0x75dd1000 	C:\WINDOWS\SYSTEM32\SHLWAPI.dll
0x74200000 - 0x742db000 	C:\WINDOWS\SYSTEM32\UxTheme.dll
0x75a20000 - 0x75b6f000 	C:\WINDOWS\SYSTEM32\USER32.dll
0x756b0000 - 0x757b7000 	C:\WINDOWS\SYSTEM32\GDI32.dll
0x73310000 - 0x73330000 	C:\WINDOWS\SYSTEM32\WINMM.dll
0x73400000 - 0x73412000 	C:\WINDOWS\SYSTEM32\samcli.dll
0x75270000 - 0x7537c000 	C:\WINDOWS\SYSTEM32\ole32.dll
0x74cd0000 - 0x74d57000 	C:\WINDOWS\SYSTEM32\OLEAUT32.dll
0x65e00000 - 0x65e15000 	C:\WINDOWS\SYSTEM32\MSACM32.dll
0x74c00000 - 0x74c08000 	C:\WINDOWS\SYSTEM32\VERSION.dll
0x75df0000 - 0x76fb1000 	C:\WINDOWS\SYSTEM32\SHELL32.dll
0x73da0000 - 0x73db9000 	C:\WINDOWS\SYSTEM32\USERENV.dll
0x72050000 - 0x72068000 	C:\WINDOWS\SYSTEM32\dwmapi.dll
0x73c60000 - 0x73d8c000 	C:\WINDOWS\SYSTEM32\urlmon.dll
0x75380000 - 0x753f8000 	C:\WINDOWS\SYSTEM32\ADVAPI32.dll
0x74ba0000 - 0x74bfe000 	C:\WINDOWS\SYSTEM32\WINSPOOL.DRV
0x73440000 - 0x73454000 	C:\WINDOWS\SYSTEM32\MPR.dll
0x75950000 - 0x75a00000 	C:\WINDOWS\SYSTEM32\RPCRT4.dll
0x74c70000 - 0x74c79000 	C:\WINDOWS\SYSTEM32\CRYPTBASE.dll
0x75080000 - 0x751ce000 	C:\WINDOWS\SYSTEM32\combase.dll
0x72070000 - 0x72090000 	C:\WINDOWS\SYSTEM32\WINMMBASE.dll
0x73d90000 - 0x73d9e000 	C:\WINDOWS\SYSTEM32\profapi.dll
0x73dc0000 - 0x73fdb000 	C:\WINDOWS\SYSTEM32\iertutil.dll
0x74030000 - 0x741f2000 	C:\WINDOWS\SYSTEM32\WININET.dll
0x74c10000 - 0x74c62000 	C:\WINDOWS\SYSTEM32\bcryptPrimitives.dll
0x75b70000 - 0x75baa000 	C:\WINDOWS\SYSTEM32\cfgmgr32.dll
0x74b80000 - 0x74b9f000 	C:\WINDOWS\SYSTEM32\DEVOBJ.dll
0x74a00000 - 0x74a76000 	C:\WINDOWS\SYSTEM32\SHCORE.DLL
0x74ca0000 - 0x74cc5000 	C:\WINDOWS\system32\IMM32.DLL
0x77050000 - 0x77147000 	C:\WINDOWS\SYSTEM32\MSCTF.dll
0x74640000 - 0x74826000 	C:\WINDOWS\WinSxS\x86_microsoft.windows.common-controls_6595b64144ccf1df_6.0.9600.17031_none_a9efdb8b01377ea7\COMCTL32.dll
0x5a6d0000 - 0x5a78f000 	C:\Program Files (x86)\Java\jre7\bin\msvcr100.dll
0x5cec0000 - 0x5d248000 	C:\Program Files (x86)\Java\jre7\bin\client\jvm.dll
0x71ea0000 - 0x71ea8000 	C:\WINDOWS\SYSTEM32\WSOCK32.dll
0x75de0000 - 0x75de6000 	C:\WINDOWS\SYSTEM32\PSAPI.DLL
0x75220000 - 0x7526d000 	C:\WINDOWS\SYSTEM32\WS2_32.dll
0x74fa0000 - 0x74fa7000 	C:\WINDOWS\SYSTEM32\NSI.dll
0x62a50000 - 0x62a5c000 	C:\Program Files (x86)\Java\jre7\bin\verify.dll
0x61f30000 - 0x61f50000 	C:\Program Files (x86)\Java\jre7\bin\java.dll
0x61f10000 - 0x61f23000 	C:\Program Files (x86)\Java\jre7\bin\zip.dll
0x65980000 - 0x65ac8000 	C:\WINDOWS\SYSTEM32\dbghelp.dll

VM Arguments:
jvm_args: -Dfile.encoding=Cp1252 -Xbootclasspath:C:\Program Files (x86)\leJOS NXJ\lib\nxt\classes.jar 
java_command: craftbot.CraftBot
Launcher Type: SUN_STANDARD

Environment Variables:
PATH=C:/Program Files (x86)/Java/jre7/bin/client;C:/Program Files (x86)/Java/jre7/bin;C:/Program Files (x86)/Java/jre7/lib/i386;C:\Program Files (x86)\NVIDIA Corporation\PhysX\Common;C:\WINDOWS\system32;C:\WINDOWS;C:\WINDOWS\System32\Wbem;C:\WINDOWS\System32\WindowsPowerShell\v1.0\;C:\VXIPNP\WinNT\Bin;C:\Program Files (x86)\leJOS NXJ\bin;C:\Users\Alan Ngo\Desktop\eclipse;
USERNAME=Alan Ngo
OS=Windows_NT
PROCESSOR_IDENTIFIER=Intel64 Family 6 Model 60 Stepping 3, GenuineIntel



---------------  S Y S T E M  ---------------

OS: Windows 8.1 , 64 bit Build 9600 

CPU:total 4 (4 cores per cpu, 1 threads per core) family 6 model 60 stepping 3, cmov, cx8, fxsr, mmx, sse, sse2, sse3, ssse3, sse4.1, sse4.2, popcnt, avx, avx2, aes, erms, tsc, tscinvbit

Memory: 4k page, physical 16719792k(14113792k free), swap 19210160k(15914664k free)

vm_info: Java HotSpot(TM) Client VM (24.65-b04) for windows-x86 JRE (1.7.0_67-b01), built on Jul 25 2014 10:20:53 by "java_re" with unknown MS VC++:1600

time: Sun Oct 12 17:18:18 2014
elapsed time: 0 seconds

