#
# A fatal error has been detected by the Java Runtime Environment:
#
#  Internal Error (javaClasses.cpp:136), pid=3120, tid=1652
#  fatal error: Invalid layout of preloaded class
#
# JRE version:  (7.0_67-b01) (build )
# Java VM: Java HotSpot(TM) Client VM (24.65-b04 mixed mode windows-x86 )
# Failed to write core dump. Minidumps are not enabled by default on client versions of Windows
#
# If you would like to submit a bug report, please visit:
#   http://bugreport.sun.com/bugreport/crash.jsp
#

---------------  T H R E A D  ---------------

Current thread (0x0256b800):  JavaThread "Unknown thread" [_thread_in_vm, id=1652, stack(0x02320000,0x02370000)]

Stack: [0x02320000,0x02370000],  sp=0x0236f368,  free space=316k
Native frames: (J=compiled Java code, j=interpreted, Vv=VM code, C=native code)
V  [jvm.dll+0x190494]
V  [jvm.dll+0x18a116]
V  [jvm.dll+0x35d7a]
V  [jvm.dll+0x35e06]
V  [jvm.dll+0x4465d]
V  [jvm.dll+0x4490e]
V  [jvm.dll+0x92f8a]
V  [jvm.dll+0x9333b]
V  [jvm.dll+0x13fa31]
V  [jvm.dll+0x1626fc]
V  [jvm.dll+0xc9d6f]
C  [javaw.exe+0x13ce]
C  [javaw.exe+0x1e40]
C  [javaw.exe+0xa601]
C  [javaw.exe+0xa68b]
C  [KERNEL32.DLL+0x1919f]
C  [ntdll.dll+0x4a22b]
C  [ntdll.dll+0x4a201]


---------------  P R O C E S S  ---------------

Java Threads: ( => current thread )

Other Threads:

=>0x0256b800 (exited) JavaThread "Unknown thread" [_thread_in_vm, id=1652, stack(0x02320000,0x02370000)]

VM state:not at safepoint (not fully initialized)

VM Mutex/Monitor currently owned by a thread: None

GC Heap History (0 events):
No events

Deoptimization events (0 events):
No events

Internal exceptions (0 events):
No events

Events (10 events):
Event: 0.003 loading class 0x0242a850
Event: 0.004 loading class 0x0242a850 done
Event: 0.004 loading class 0x0242a890
Event: 0.004 loading class 0x0242ae00
Event: 0.004 loading class 0x0242ae00 done
Event: 0.004 loading class 0x02430a10
Event: 0.004 loading class 0x02430a10 done
Event: 0.004 loading class 0x0242a890 done
Event: 0.004 loading class 0x0242a870
Event: 0.004 loading class 0x0242a870 done


Dynamic libraries:
0x002f0000 - 0x0031f000 	C:\Program Files (x86)\Java\jre7\bin\javaw.exe
0x77ac0000 - 0x77c28000 	C:\WINDOWS\SYSTEM32\ntdll.dll
0x774c0000 - 0x77600000 	C:\WINDOWS\SYSTEM32\KERNEL32.DLL
0x75650000 - 0x7571f000 	C:\WINDOWS\SYSTEM32\KERNELBASE.dll
0x727c0000 - 0x72859000 	C:\WINDOWS\system32\apphelp.dll
0x6e360000 - 0x6e5b9000 	C:\WINDOWS\AppPatch\AcGenral.DLL
0x76c20000 - 0x76cde000 	C:\WINDOWS\SYSTEM32\msvcrt.dll
0x77960000 - 0x7799e000 	C:\WINDOWS\SYSTEM32\sechost.dll
0x754e0000 - 0x754fd000 	C:\WINDOWS\SYSTEM32\SspiCli.dll
0x758a0000 - 0x758e1000 	C:\WINDOWS\SYSTEM32\SHLWAPI.dll
0x74f50000 - 0x7502b000 	C:\WINDOWS\SYSTEM32\UxTheme.dll
0x76fc0000 - 0x7710f000 	C:\WINDOWS\SYSTEM32\USER32.dll
0x776f0000 - 0x777f7000 	C:\WINDOWS\SYSTEM32\GDI32.dll
0x73dd0000 - 0x73df0000 	C:\WINDOWS\SYSTEM32\WINMM.dll
0x70890000 - 0x708a2000 	C:\WINDOWS\SYSTEM32\samcli.dll
0x77800000 - 0x7790c000 	C:\WINDOWS\SYSTEM32\ole32.dll
0x77610000 - 0x77697000 	C:\WINDOWS\SYSTEM32\OLEAUT32.dll
0x74e90000 - 0x74ea5000 	C:\WINDOWS\SYSTEM32\MSACM32.dll
0x75460000 - 0x75468000 	C:\WINDOWS\SYSTEM32\VERSION.dll
0x75a50000 - 0x76c11000 	C:\WINDOWS\SYSTEM32\SHELL32.dll
0x74dd0000 - 0x74de9000 	C:\WINDOWS\SYSTEM32\USERENV.dll
0x74e10000 - 0x74e28000 	C:\WINDOWS\SYSTEM32\dwmapi.dll
0x72260000 - 0x7238c000 	C:\WINDOWS\SYSTEM32\urlmon.dll
0x76f40000 - 0x76fb8000 	C:\WINDOWS\SYSTEM32\ADVAPI32.dll
0x75400000 - 0x7545e000 	C:\WINDOWS\SYSTEM32\WINSPOOL.DRV
0x751c0000 - 0x751d4000 	C:\WINDOWS\SYSTEM32\MPR.dll
0x77110000 - 0x771c0000 	C:\WINDOWS\SYSTEM32\RPCRT4.dll
0x754d0000 - 0x754d9000 	C:\WINDOWS\SYSTEM32\CRYPTBASE.dll
0x75500000 - 0x7564e000 	C:\WINDOWS\SYSTEM32\combase.dll
0x72b70000 - 0x72b90000 	C:\WINDOWS\SYSTEM32\WINMMBASE.dll
0x745f0000 - 0x745fe000 	C:\WINDOWS\SYSTEM32\profapi.dll
0x74a00000 - 0x74c1b000 	C:\WINDOWS\SYSTEM32\iertutil.dll
0x747e0000 - 0x749a2000 	C:\WINDOWS\SYSTEM32\WININET.dll
0x75470000 - 0x754c2000 	C:\WINDOWS\SYSTEM32\bcryptPrimitives.dll
0x776b0000 - 0x776ea000 	C:\WINDOWS\SYSTEM32\cfgmgr32.dll
0x753e0000 - 0x753ff000 	C:\WINDOWS\SYSTEM32\DEVOBJ.dll
0x75260000 - 0x752d6000 	C:\WINDOWS\SYSTEM32\SHCORE.DLL
0x772d0000 - 0x772f5000 	C:\WINDOWS\system32\IMM32.DLL
0x77320000 - 0x77417000 	C:\WINDOWS\SYSTEM32\MSCTF.dll
0x702d0000 - 0x704b6000 	C:\WINDOWS\WinSxS\x86_microsoft.windows.common-controls_6595b64144ccf1df_6.0.9600.17031_none_a9efdb8b01377ea7\COMCTL32.dll
0x6c4d0000 - 0x6c58f000 	C:\Program Files (x86)\Java\jre7\bin\msvcr100.dll
0x71bc0000 - 0x71f48000 	C:\Program Files (x86)\Java\jre7\bin\client\jvm.dll
0x74dc0000 - 0x74dc8000 	C:\WINDOWS\SYSTEM32\WSOCK32.dll
0x77600000 - 0x77606000 	C:\WINDOWS\SYSTEM32\PSAPI.DLL
0x779a0000 - 0x779ed000 	C:\WINDOWS\SYSTEM32\WS2_32.dll
0x77910000 - 0x77917000 	C:\WINDOWS\SYSTEM32\NSI.dll
0x75190000 - 0x7519c000 	C:\Program Files (x86)\Java\jre7\bin\verify.dll
0x75170000 - 0x75190000 	C:\Program Files (x86)\Java\jre7\bin\java.dll
0x74eb0000 - 0x74ec3000 	C:\Program Files (x86)\Java\jre7\bin\zip.dll
0x5f380000 - 0x5f4c8000 	C:\WINDOWS\SYSTEM32\dbghelp.dll

VM Arguments:
jvm_args: -Dfile.encoding=Cp1252 -Xbootclasspath:C:\Program Files (x86)\leJOS NXJ\lib\nxt\classes.jar 
java_command: craftbot.CraftBot
Launcher Type: SUN_STANDARD

Environment Variables:
PATH=C:/Program Files (x86)/Java/jre7/bin/client;C:/Program Files (x86)/Java/jre7/bin;C:/Program Files (x86)/Java/jre7/lib/i386;C:\Program Files (x86)\NVIDIA Corporation\PhysX\Common;C:\WINDOWS\system32;C:\WINDOWS;C:\WINDOWS\System32\Wbem;C:\WINDOWS\System32\WindowsPowerShell\v1.0\;C:\VXIPNP\WinNT\Bin;C:\Program Files (x86)\leJOS NXJ\bin;C:\Users\Alan Ngo\Desktop\eclipse;
USERNAME=Alan Ngo
OS=Windows_NT
PROCESSOR_IDENTIFIER=Intel64 Family 6 Model 60 Stepping 3, GenuineIntel



---------------  S Y S T E M  ---------------

OS: Windows 8.1 , 64 bit Build 9600 

CPU:total 4 (4 cores per cpu, 1 threads per core) family 6 model 60 stepping 3, cmov, cx8, fxsr, mmx, sse, sse2, sse3, ssse3, sse4.1, sse4.2, popcnt, avx, avx2, aes, erms, tsc, tscinvbit

Memory: 4k page, physical 16719792k(13646020k free), swap 19210160k(15442464k free)

vm_info: Java HotSpot(TM) Client VM (24.65-b04) for windows-x86 JRE (1.7.0_67-b01), built on Jul 25 2014 10:20:53 by "java_re" with unknown MS VC++:1600

time: Sun Oct 05 20:22:56 2014
elapsed time: 0 seconds

